<?xml version="1.0" encoding="UTF-8"?>
<!-- Generated by org.testng.reporters.JUnitReportReporter -->
<testsuite hostname="DESKTOP-1HPMSUP" failures="0" tests="2" name="e2eproject.finaldemo.LoginTestCase" time="126.795" errors="0" timestamp="2021-12-13T10:58:29 IST" skipped="0">
  <testcase classname="e2eproject.finaldemo.LoginTestCase" name="Basepagenavigation" time="51.834"/>
  <system-out/>
  <testcase classname="e2eproject.finaldemo.LoginTestCase" name="Basepagenavigation" time="74.961"/>
  <system-out/>
</testsuite> <!-- e2eproject.finaldemo.LoginTestCase -->
